<?xml version="1.0" encoding="UTF-8"?>
<testsuite xmlns:xsi="http://www.w3.org/2001/XMLSchema-instance" xsi:noNamespaceSchemaLocation="https://maven.apache.org/surefire/maven-surefire-plugin/xsd/surefire-test-report.xsd" name="com.baeldung.avltree.AVLTree_ESTest" time="0.124" tests="34" errors="2" skipped="0" failures="0">
  <properties>
    <property name="sun.desktop" value="windows"/>
    <property name="awt.toolkit" value="sun.awt.windows.WToolkit"/>
    <property name="file.encoding.pkg" value="sun.io"/>
    <property name="java.specification.version" value="1.8"/>
    <property name="sun.cpu.isalist" value="amd64"/>
    <property name="sun.jnu.encoding" value="Cp1252"/>
    <property name="java.class.path" value="C:\Users\admin\Desktop\ProgramAnalysisAndTesting\Assignment4-Maven\avltree\target\test-classes;C:\Users\admin\Desktop\ProgramAnalysisAndTesting\Assignment4-Maven\avltree\target\classes;C:\Users\admin\.m2\repository\junit\junit\4.12\junit-4.12.jar;C:\Users\admin\.m2\repository\org\hamcrest\hamcrest-core\1.3\hamcrest-core-1.3.jar;C:\Users\admin\.m2\repository\org\evosuite\evosuite-standalone-runtime\1.0.6\evosuite-standalone-runtime-1.0.6.jar;"/>
    <property name="java.vm.vendor" value="Oracle Corporation"/>
    <property name="sun.arch.data.model" value="64"/>
    <property name="user.variant" value=""/>
    <property name="cores" value="4"/>
    <property name="java.vendor.url" value="http://java.oracle.com/"/>
    <property name="user.timezone" value="America/Regina"/>
    <property name="java.vm.specification.version" value="1.8"/>
    <property name="os.name" value="Windows 10"/>
    <property name="user.country" value="US"/>
    <property name="sun.java.launcher" value="SUN_STANDARD"/>
    <property name="sun.boot.library.path" value="C:\Program Files\Java\jdk1.8.0_202\jre\bin"/>
    <property name="sun.java.command" value="C:\Users\admin\AppData\Local\Temp\surefire1529439892361976355\surefirebooter3317285462914623774.jar C:\Users\admin\AppData\Local\Temp\surefire1529439892361976355 2022-04-14T20-51-19_611-jvmRun1 surefire208927822057402104tmp surefire_05573401692606507901tmp"/>
    <property name="surefire.test.class.path" value="C:\Users\admin\Desktop\ProgramAnalysisAndTesting\Assignment4-Maven\avltree\target\test-classes;C:\Users\admin\Desktop\ProgramAnalysisAndTesting\Assignment4-Maven\avltree\target\classes;C:\Users\admin\.m2\repository\junit\junit\4.12\junit-4.12.jar;C:\Users\admin\.m2\repository\org\hamcrest\hamcrest-core\1.3\hamcrest-core-1.3.jar;C:\Users\admin\.m2\repository\org\evosuite\evosuite-standalone-runtime\1.0.6\evosuite-standalone-runtime-1.0.6.jar;"/>
    <property name="sun.cpu.endian" value="little"/>
    <property name="user.home" value="C:\Users\admin"/>
    <property name="user.language" value="en"/>
    <property name="java.specification.vendor" value="Oracle Corporation"/>
    <property name="java.home" value="C:\Program Files\Java\jdk1.8.0_202\jre"/>
    <property name="basedir" value="C:\Users\admin\Desktop\ProgramAnalysisAndTesting\Assignment4-Maven\avltree"/>
    <property name="file.separator" value="\"/>
    <property name="line.separator" value="&#10;"/>
    <property name="java.vm.specification.vendor" value="Oracle Corporation"/>
    <property name="java.specification.name" value="Java Platform API Specification"/>
    <property name="java.awt.graphicsenv" value="sun.awt.Win32GraphicsEnvironment"/>
    <property name="surefire.real.class.path" value="C:\Users\admin\AppData\Local\Temp\surefire1529439892361976355\surefirebooter3317285462914623774.jar"/>
    <property name="sun.boot.class.path" value="C:\Program Files\Java\jdk1.8.0_202\jre\lib\resources.jar;C:\Program Files\Java\jdk1.8.0_202\jre\lib\rt.jar;C:\Program Files\Java\jdk1.8.0_202\jre\lib\sunrsasign.jar;C:\Program Files\Java\jdk1.8.0_202\jre\lib\jsse.jar;C:\Program Files\Java\jdk1.8.0_202\jre\lib\jce.jar;C:\Program Files\Java\jdk1.8.0_202\jre\lib\charsets.jar;C:\Program Files\Java\jdk1.8.0_202\jre\lib\jfr.jar;C:\Program Files\Java\jdk1.8.0_202\jre\classes"/>
    <property name="user.script" value=""/>
    <property name="sun.management.compiler" value="HotSpot 64-Bit Tiered Compilers"/>
    <property name="java.runtime.version" value="1.8.0_202-b08"/>
    <property name="user.name" value="admin"/>
    <property name="path.separator" value=";"/>
    <property name="os.version" value="10.0"/>
    <property name="java.endorsed.dirs" value="C:\Program Files\Java\jdk1.8.0_202\jre\lib\endorsed"/>
    <property name="java.runtime.name" value="Java(TM) SE Runtime Environment"/>
    <property name="file.encoding" value="Cp1252"/>
    <property name="memoryInMB" value="4000"/>
    <property name="java.vm.name" value="Java HotSpot(TM) 64-Bit Server VM"/>
    <property name="localRepository" value="C:\Users\admin\.m2\repository"/>
    <property name="java.vendor.url.bug" value="http://bugreport.sun.com/bugreport/"/>
    <property name="java.io.tmpdir" value="C:\Users\admin\AppData\Local\Temp\"/>
    <property name="java.version" value="1.8.0_202"/>
    <property name="user.dir" value="C:\Users\admin\Desktop\ProgramAnalysisAndTesting\Assignment4-Maven\avltree"/>
    <property name="os.arch" value="amd64"/>
    <property name="java.vm.specification.name" value="Java Virtual Machine Specification"/>
    <property name="java.awt.printerjob" value="sun.awt.windows.WPrinterJob"/>
    <property name="sun.os.patch.level" value=""/>
    <property name="java.library.path" value="C:\Program Files\Java\jdk1.8.0_202\jre\bin;C:\Windows\Sun\Java\bin;C:\Windows\system32;C:\Windows;C:\Program Files (x86)\Common Files\Oracle\Java\javapath;C:\Windows\system32;C:\Windows;C:\Windows\System32\Wbem;C:\Windows\System32\WindowsPowerShell\v1.0\;C:\Windows\System32\OpenSSH\;C:\TDM-GCC-64\bin;C:\TDM-GCC-64;C:\TDM-GCC-64\bin\mingw32-make.exe;C:\Program Files\LLVM\bin;C:\Users\admin\AppData\Local\Microsoft\WindowsApps;C:\apache-maven-3.8.5\bin;;."/>
    <property name="java.vm.info" value="mixed mode"/>
    <property name="java.vendor" value="Oracle Corporation"/>
    <property name="java.vm.version" value="25.202-b08"/>
    <property name="java.ext.dirs" value="C:\Program Files\Java\jdk1.8.0_202\jre\lib\ext;C:\Windows\Sun\Java\lib\ext"/>
    <property name="sun.io.unicode.encoding" value="UnicodeLittle"/>
    <property name="java.class.version" value="52.0"/>
  </properties>
  <testcase name="test12" classname="com.baeldung.avltree.AVLTree_ESTest" time="0.002"/>
  <testcase name="test11" classname="com.baeldung.avltree.AVLTree_ESTest" time="0.004"/>
  <testcase name="test33" classname="com.baeldung.avltree.AVLTree_ESTest" time="0.002"/>
  <testcase name="test10" classname="com.baeldung.avltree.AVLTree_ESTest" time="0.001"/>
  <testcase name="test32" classname="com.baeldung.avltree.AVLTree_ESTest" time="0.001"/>
  <testcase name="test31" classname="com.baeldung.avltree.AVLTree_ESTest" time="0.003"/>
  <testcase name="test16" classname="com.baeldung.avltree.AVLTree_ESTest" time="0.002"/>
  <testcase name="test15" classname="com.baeldung.avltree.AVLTree_ESTest" time="0.002"/>
  <testcase name="test14" classname="com.baeldung.avltree.AVLTree_ESTest" time="0.014">
    <error type="java.lang.StackOverflowError">java.lang.StackOverflowError
</error>
  </testcase>
  <testcase name="test13" classname="com.baeldung.avltree.AVLTree_ESTest" time="0.002"/>
  <testcase name="test19" classname="com.baeldung.avltree.AVLTree_ESTest" time="0.002"/>
  <testcase name="test18" classname="com.baeldung.avltree.AVLTree_ESTest" time="0.002"/>
  <testcase name="test17" classname="com.baeldung.avltree.AVLTree_ESTest" time="0.002"/>
  <testcase name="test30" classname="com.baeldung.avltree.AVLTree_ESTest" time="0.002"/>
  <testcase name="test01" classname="com.baeldung.avltree.AVLTree_ESTest" time="0.002"/>
  <testcase name="test23" classname="com.baeldung.avltree.AVLTree_ESTest" time="0.004"/>
  <testcase name="test00" classname="com.baeldung.avltree.AVLTree_ESTest" time="0.001"/>
  <testcase name="test22" classname="com.baeldung.avltree.AVLTree_ESTest" time="0.002"/>
  <testcase name="test21" classname="com.baeldung.avltree.AVLTree_ESTest" time="0.001"/>
  <testcase name="test20" classname="com.baeldung.avltree.AVLTree_ESTest" time="0.002"/>
  <testcase name="test05" classname="com.baeldung.avltree.AVLTree_ESTest" time="0.001"/>
  <testcase name="test27" classname="com.baeldung.avltree.AVLTree_ESTest" time="0.002"/>
  <testcase name="test04" classname="com.baeldung.avltree.AVLTree_ESTest" time="0.001"/>
  <testcase name="test26" classname="com.baeldung.avltree.AVLTree_ESTest" time="0.002"/>
  <testcase name="test03" classname="com.baeldung.avltree.AVLTree_ESTest" time="0.002"/>
  <testcase name="test25" classname="com.baeldung.avltree.AVLTree_ESTest" time="0.001"/>
  <testcase name="test02" classname="com.baeldung.avltree.AVLTree_ESTest" time="0.005"/>
  <testcase name="test24" classname="com.baeldung.avltree.AVLTree_ESTest" time="0.002"/>
  <testcase name="test09" classname="com.baeldung.avltree.AVLTree_ESTest" time="0.002"/>
  <testcase name="test08" classname="com.baeldung.avltree.AVLTree_ESTest" time="0.001"/>
  <testcase name="test07" classname="com.baeldung.avltree.AVLTree_ESTest" time="0.002"/>
  <testcase name="test29" classname="com.baeldung.avltree.AVLTree_ESTest" time="0.002"/>
  <testcase name="test06" classname="com.baeldung.avltree.AVLTree_ESTest" time="0.006">
    <error type="java.lang.StackOverflowError">java.lang.StackOverflowError
</error>
  </testcase>
  <testcase name="test28" classname="com.baeldung.avltree.AVLTree_ESTest" time="0.001"/>
</testsuite>